<?xml version="1.0" encoding="UTF-8"?>
<testsuite name="TestSuite" time="86.551" tests="23" errors="0" skipped="13" failures="5">
  <properties>
    <property name="java.runtime.name" value="Java(TM) SE Runtime Environment"/>
    <property name="sun.boot.library.path" value="C:\Program Files\Java\jdk1.8.0_91\jre\bin"/>
    <property name="java.vm.version" value="25.91-b14"/>
    <property name="java.vm.vendor" value="Oracle Corporation"/>
    <property name="java.vendor.url" value="http://java.oracle.com/"/>
    <property name="path.separator" value=";"/>
    <property name="guice.disable.misplaced.annotation.check" value="true"/>
    <property name="java.vm.name" value="Java HotSpot(TM) 64-Bit Server VM"/>
    <property name="file.encoding.pkg" value="sun.io"/>
    <property name="user.script" value=""/>
    <property name="user.country" value="US"/>
    <property name="sun.java.launcher" value="SUN_STANDARD"/>
    <property name="sun.os.patch.level" value="Service Pack 1"/>
    <property name="java.vm.specification.name" value="Java Virtual Machine Specification"/>
    <property name="user.dir" value="C:\Users\karan.ahuja\workspace\EMS"/>
    <property name="java.runtime.version" value="1.8.0_91-b14"/>
    <property name="java.awt.graphicsenv" value="sun.awt.Win32GraphicsEnvironment"/>
    <property name="java.endorsed.dirs" value="C:\Program Files\Java\jdk1.8.0_91\jre\lib\endorsed"/>
    <property name="os.arch" value="amd64"/>
    <property name="java.io.tmpdir" value="C:\Users\KARAN~1.AHU\AppData\Local\Temp\"/>
    <property name="line.separator" value="&#10;"/>
    <property name="java.vm.specification.vendor" value="Oracle Corporation"/>
    <property name="user.variant" value=""/>
    <property name="os.name" value="Windows 7"/>
    <property name="classworlds.conf" value="C:\apache-maven-3.1.1\bin\m2.conf"/>
    <property name="sun.jnu.encoding" value="Cp1252"/>
    <property name="java.library.path" value="C:\Program Files\Java\jdk1.8.0_91\bin;C:\Windows\Sun\Java\bin;C:\Windows\system32;C:\Windows;C:\ProgramData\Oracle\Java\javapath;C:\Ruby23\bin;C:\Windows\system32;C:\Windows;C:\Windows\System32\Wbem;C:\Windows\System32\WindowsPowerShell\v1.0\;C:\Program Files\TortoiseGit\bin;C:\Program Files\nodejs\;C:\Users\karan.ahuja\AppData\Local\Programs\Git\cmd;C:\Users\karan.ahuja\AppData\Local\Programs\Git\mingw64\bin;C:\Users\karan.ahuja\AppData\Local\Programs\Git\usr\bin;C:\Program Files (x86)\HP\Unified Functional Testing\bin;C:\Program Files (x86)\Google\Google Apps Sync\;C:\Program Files (x86)\Google\Google Apps Migration\;C:\Program Files (x86)\Skype\Phone\;C:\Program Files\TortoiseSVN\bin;C:\Program Files (x86)\sbt\\bin;C:\Program Files\OpenVPN\bin;C:\Program Files\Java\jdk1.8.0_91\bin;C:\apache-maven-3.1.1\bin;C:\Users\karan.ahuja\AppData\Local\Programs\Git\cmd;C:\Users\karan.ahuja\AppData\Roaming\npm;C:\Users\karan.ahuja\AppData\Local\Android\sdk\platform-tools;C:\Program Files\nodejs;D:\PlayFramework\activator-1.3.9-minimal\bin;C:\apache-ant-1.9.7\bin;C:\Ruby23\bin;."/>
    <property name="java.specification.name" value="Java Platform API Specification"/>
    <property name="java.class.version" value="52.0"/>
    <property name="sun.management.compiler" value="HotSpot 64-Bit Tiered Compilers"/>
    <property name="os.version" value="6.1"/>
    <property name="user.home" value="C:\Users\karan.ahuja"/>
    <property name="user.timezone" value="Asia/Calcutta"/>
    <property name="java.awt.printerjob" value="sun.awt.windows.WPrinterJob"/>
    <property name="java.specification.version" value="1.8"/>
    <property name="file.encoding" value="Cp1252"/>
    <property name="user.name" value="karan.ahuja"/>
    <property name="java.class.path" value="C:\apache-maven-3.1.1\boot\plexus-classworlds-2.5.1.jar"/>
    <property name="org.slf4j.simpleLogger.defaultLogLevel" value="info"/>
    <property name="java.vm.specification.version" value="1.8"/>
    <property name="sun.arch.data.model" value="64"/>
    <property name="java.home" value="C:\Program Files\Java\jdk1.8.0_91\jre"/>
    <property name="sun.java.command" value="org.codehaus.plexus.classworlds.launcher.Launcher clean install -PemsTest"/>
    <property name="java.specification.vendor" value="Oracle Corporation"/>
    <property name="user.language" value="en"/>
    <property name="awt.toolkit" value="sun.awt.windows.WToolkit"/>
    <property name="java.vm.info" value="mixed mode"/>
    <property name="java.version" value="1.8.0_91"/>
    <property name="java.ext.dirs" value="C:\Program Files\Java\jdk1.8.0_91\jre\lib\ext;C:\Windows\Sun\Java\lib\ext"/>
    <property name="sun.boot.class.path" value="C:\Program Files\Java\jdk1.8.0_91\jre\lib\resources.jar;C:\Program Files\Java\jdk1.8.0_91\jre\lib\rt.jar;C:\Program Files\Java\jdk1.8.0_91\jre\lib\sunrsasign.jar;C:\Program Files\Java\jdk1.8.0_91\jre\lib\jsse.jar;C:\Program Files\Java\jdk1.8.0_91\jre\lib\jce.jar;C:\Program Files\Java\jdk1.8.0_91\jre\lib\charsets.jar;C:\Program Files\Java\jdk1.8.0_91\jre\lib\jfr.jar;C:\Program Files\Java\jdk1.8.0_91\jre\classes"/>
    <property name="sun.stderr.encoding" value="cp437"/>
    <property name="java.vendor" value="Oracle Corporation"/>
    <property name="maven.home" value="C:\apache-maven-3.1.1"/>
    <property name="file.separator" value="\"/>
    <property name="java.vendor.url.bug" value="http://bugreport.sun.com/bugreport/"/>
    <property name="sun.cpu.endian" value="little"/>
    <property name="sun.io.unicode.encoding" value="UnicodeLittle"/>
    <property name="sun.stdout.encoding" value="cp437"/>
    <property name="sun.desktop" value="windows"/>
    <property name="sun.cpu.isalist" value="amd64"/>
  </properties>
  <testcase name="Initialize" classname="com.trantor.vendormanagement.VenderManagementTest" time="0"/>
  <testcase name="login" classname="com.trantor.vendormanagement.VenderManagementTest" time="18.036">
    <failure message="User is not able to login successfuly" type="java.lang.AssertionError">java.lang.AssertionError: User is not able to login successfuly
	at org.junit.Assert.fail(Assert.java:88)
	at org.junit.Assert.assertTrue(Assert.java:41)
	at org.trantor.ems.Login_Test.Validlogin(Login_Test.java:31)
	at com.trantor.vendormanagement.VenderManagementTest.login(VenderManagementTest.java:30)
</failure>
    <system-out><![CDATA[Test login Test has been started
<br>
reached3
C:\Users\karan.ahuja\workspace\EMS\target
reached1
reached2
Test login Failure - Screen Capture Begin
<br>
outputFolder : D:\AutomationApp\public\html<br>
outFilename  : loginCHANY.png<br>
11:52:29.045 [main] INFO  frameworkLogger - <img src="loginCHANY.png">
End of Screen Capture on Failure<br>
]]></system-out>
  </testcase>
  <testcase name="VerifyPrsimDashBoardPage" classname="com.trantor.vendormanagement.VenderManagementTest" time="0">
    <skipped/>
  </testcase>
  <testcase name="VerifySupplierManagementMenuPage" classname="com.trantor.vendormanagement.VenderManagementTest" time="0">
    <skipped/>
  </testcase>
  <testcase name="VerifyAddNewProfilePage" classname="com.trantor.vendormanagement.VenderManagementTest" time="0">
    <skipped/>
  </testcase>
  <testcase name="Initialize" classname="com.trantor.suppliermanagementtest.SupplierManagementTest" time="0.017"/>
  <testcase name="login" classname="com.trantor.suppliermanagementtest.SupplierManagementTest" time="17.18">
    <failure message="User is not able to login successfuly" type="java.lang.AssertionError">java.lang.AssertionError: User is not able to login successfuly
	at org.junit.Assert.fail(Assert.java:88)
	at org.junit.Assert.assertTrue(Assert.java:41)
	at org.trantor.ems.Login_Test.Validlogin(Login_Test.java:31)
	at com.trantor.suppliermanagementtest.SupplierManagementTest.login(SupplierManagementTest.java:42)
</failure>
    <system-out><![CDATA[Test login Test has been started
<br>
reached3
C:\Users\karan.ahuja\workspace\EMS\target
reached1
reached2
Test login Failure - Screen Capture Begin
<br>
outputFolder : D:\AutomationApp\public\html<br>
outFilename  : loginCHANY.png<br>
11:52:53.358 [main] INFO  frameworkLogger - <img src="loginCHANY.png">
End of Screen Capture on Failure<br>
]]></system-out>
  </testcase>
  <testcase name="VerifyVenderProfilePage" classname="com.trantor.suppliermanagementtest.SupplierManagementTest" time="0">
    <skipped/>
  </testcase>
  <testcase name="VerifyUpdateVenderProfilePage" classname="com.trantor.suppliermanagementtest.SupplierManagementTest" time="0">
    <skipped/>
  </testcase>
  <testcase name="initialize" classname="com.trantor.suppliermanagementtest.AddASupplierAddressTest" time="0"/>
  <testcase name="login" classname="com.trantor.suppliermanagementtest.AddASupplierAddressTest" time="17.146">
    <failure message="User is not able to login successfuly" type="java.lang.AssertionError">java.lang.AssertionError: User is not able to login successfuly
	at org.junit.Assert.fail(Assert.java:88)
	at org.junit.Assert.assertTrue(Assert.java:41)
	at org.trantor.ems.Login_Test.Validlogin(Login_Test.java:31)
	at com.trantor.suppliermanagementtest.AddASupplierAddressTest.login(AddASupplierAddressTest.java:42)
</failure>
    <system-out><![CDATA[Test login Test has been started
<br>
reached3
C:\Users\karan.ahuja\workspace\EMS\target
reached1
reached2
Test login Failure - Screen Capture Begin
<br>
outputFolder : D:\AutomationApp\public\html<br>
outFilename  : loginCHANY.png<br>
11:53:17.197 [main] INFO  frameworkLogger - <img src="loginCHANY.png">
End of Screen Capture on Failure<br>
]]></system-out>
  </testcase>
  <testcase name="VerifySupplierAddressPage" classname="com.trantor.suppliermanagementtest.AddASupplierAddressTest" time="0">
    <skipped/>
  </testcase>
  <testcase name="VerifyAddNewSupplierAddress" classname="com.trantor.suppliermanagementtest.AddASupplierAddressTest" time="0">
    <skipped/>
  </testcase>
  <testcase name="Initialize" classname="com.trantor.suppliermanagementtest.AddASupplierCertificatesTest" time="0"/>
  <testcase name="login" classname="com.trantor.suppliermanagementtest.AddASupplierCertificatesTest" time="17.161">
    <failure message="User is not able to login successfuly" type="java.lang.AssertionError">java.lang.AssertionError: User is not able to login successfuly
	at org.junit.Assert.fail(Assert.java:88)
	at org.junit.Assert.assertTrue(Assert.java:41)
	at org.trantor.ems.Login_Test.Validlogin(Login_Test.java:31)
	at com.trantor.suppliermanagementtest.AddASupplierCertificatesTest.login(AddASupplierCertificatesTest.java:47)
</failure>
    <system-out><![CDATA[Test login Test has been started
<br>
reached3
C:\Users\karan.ahuja\workspace\EMS\target
reached1
reached2
Test login Failure - Screen Capture Begin
<br>
outputFolder : D:\AutomationApp\public\html<br>
outFilename  : loginCHANY.png<br>
11:53:40.837 [main] INFO  frameworkLogger - <img src="loginCHANY.png">
End of Screen Capture on Failure<br>
]]></system-out>
  </testcase>
  <testcase name="VerifySupplierCertificatesPage" classname="com.trantor.suppliermanagementtest.AddASupplierCertificatesTest" time="0">
    <skipped/>
  </testcase>
  <testcase name="SaveCertificate" classname="com.trantor.suppliermanagementtest.AddASupplierCertificatesTest" time="0">
    <skipped/>
  </testcase>
  <testcase name="Initialize" classname="com.trantor.suppliermanagementtest.AddASupplierIndustryTest" time="0"/>
  <testcase name="Login" classname="com.trantor.suppliermanagementtest.AddASupplierIndustryTest" time="17.011">
    <failure message="User is not able to login successfuly" type="java.lang.AssertionError">java.lang.AssertionError: User is not able to login successfuly
	at org.junit.Assert.fail(Assert.java:88)
	at org.junit.Assert.assertTrue(Assert.java:41)
	at org.trantor.ems.Login_Test.Validlogin(Login_Test.java:31)
	at com.trantor.suppliermanagementtest.AddASupplierIndustryTest.Login(AddASupplierIndustryTest.java:48)
</failure>
    <system-out><![CDATA[Test Login Test has been started
<br>
reached3
C:\Users\karan.ahuja\workspace\EMS\target
reached1
reached2
Test Login Failure - Screen Capture Begin
<br>
outputFolder : D:\AutomationApp\public\html<br>
outFilename  : LoginCHANY.png<br>
11:54:06.176 [main] INFO  frameworkLogger - <img src="LoginCHANY.png">
End of Screen Capture on Failure<br>
]]></system-out>
  </testcase>
  <testcase name="VerifySupplierIndustryPage" classname="com.trantor.suppliermanagementtest.AddASupplierIndustryTest" time="0">
    <skipped/>
  </testcase>
  <testcase name="VerifyAddNewIndustry" classname="com.trantor.suppliermanagementtest.AddASupplierIndustryTest" time="0">
    <skipped/>
  </testcase>
  <testcase name="VerifyCancelbuttonDeleteIndustry" classname="com.trantor.suppliermanagementtest.AddASupplierIndustryTest" time="0">
    <skipped/>
  </testcase>
  <testcase name="VerifyDeleteIndustry" classname="com.trantor.suppliermanagementtest.AddASupplierIndustryTest" time="0">
    <skipped/>
  </testcase>
</testsuite>