<?xml version="1.0" encoding="UTF-8"?>
<testsuite name="TestSuite" time="86.551" tests="23" errors="0" skipped="13" failures="5">
  <properties>
[...]
</properties>
  <testcase name="Initialize" classname="com.trantor.vendormanagement.VenderManagementTest" time="0"/>
  <testcase name="login" classname="com.trantor.vendormanagement.VenderManagementTest" time="18.036">
    <failure message="User is not able to login successfuly" type="java.lang.AssertionError">java.lang.AssertionError: User is not able to login successfuly
	at org.junit.Assert.fail(Assert.java:88)
	at org.junit.Assert.assertTrue(Assert.java:41)
	at org.trantor.ems.Login_Test.Validlogin(Login_Test.java:31)
	at com.trantor.vendormanagement.VenderManagementTest.login(VenderManagementTest.java:30)
</failure>
    <system-out><![CDATA[Test login Test has been started
<br>
reached3
C:\Users\karan.ahuja\workspace\EMS\target
reached1
reached2
Test login Failure - Screen Capture Begin
<br>
outputFolder : D:\AutomationApp\public\html<br>
outFilename  : loginCHANY.png<br>
11:52:29.045 [main] INFO  frameworkLogger - <img src="loginCHANY.png">
End of Screen Capture on Failure<br>
]]></system-out>
  </testcase>
  <testcase name="VerifyPrsimDashBoardPage" classname="com.trantor.vendormanagement.VenderManagementTest" time="0">
    <skipped/>
  </testcase>
  <testcase name="VerifySupplierManagementMenuPage" classname="com.trantor.vendormanagement.VenderManagementTest" time="0">
    <skipped/>
  </testcase>
  <testcase name="VerifyAddNewProfilePage" classname="com.trantor.vendormanagement.VenderManagementTest" time="0">
    <skipped/>
  </testcase>
  <testcase name="Initialize" classname="com.trantor.suppliermanagementtest.SupplierManagementTest" time="0.017"/>
  <testcase name="login" classname="com.trantor.suppliermanagementtest.SupplierManagementTest" time="17.18">
    <failure message="User is not able to login successfuly" type="java.lang.AssertionError">java.lang.AssertionError: User is not able to login successfuly
	at org.junit.Assert.fail(Assert.java:88)
	at org.junit.Assert.assertTrue(Assert.java:41)
	at org.trantor.ems.Login_Test.Validlogin(Login_Test.java:31)
	at com.trantor.suppliermanagementtest.SupplierManagementTest.login(SupplierManagementTest.java:42)
</failure>
    <system-out><![CDATA[Test login Test has been started
<br>
reached3
C:\Users\karan.ahuja\workspace\EMS\target
reached1
reached2
Test login Failure - Screen Capture Begin
<br>
outputFolder : D:\AutomationApp\public\html<br>
outFilename  : loginCHANY.png<br>
11:52:53.358 [main] INFO  frameworkLogger - <img src="loginCHANY.png">
End of Screen Capture on Failure<br>
]]></system-out>
  </testcase>
  <testcase name="VerifyVenderProfilePage" classname="com.trantor.suppliermanagementtest.SupplierManagementTest" time="0">
    <skipped/>
  </testcase>
  <testcase name="VerifyUpdateVenderProfilePage" classname="com.trantor.suppliermanagementtest.SupplierManagementTest" time="0">
    <skipped/>
  </testcase>
  <testcase name="initialize" classname="com.trantor.suppliermanagementtest.AddASupplierAddressTest" time="0"/>
  <testcase name="login" classname="com.trantor.suppliermanagementtest.AddASupplierAddressTest" time="17.146">
    <failure message="User is not able to login successfuly" type="java.lang.AssertionError">java.lang.AssertionError: User is not able to login successfuly
	at org.junit.Assert.fail(Assert.java:88)
	at org.junit.Assert.assertTrue(Assert.java:41)
	at org.trantor.ems.Login_Test.Validlogin(Login_Test.java:31)
	at com.trantor.suppliermanagementtest.AddASupplierAddressTest.login(AddASupplierAddressTest.java:42)
</failure>
    <system-out><![CDATA[Test login Test has been started
<br>
reached3
C:\Users\karan.ahuja\workspace\EMS\target
reached1
reached2
Test login Failure - Screen Capture Begin
<br>
outputFolder : D:\AutomationApp\public\html<br>
outFilename  : loginCHANY.png<br>
11:53:17.197 [main] INFO  frameworkLogger - <img src="loginCHANY.png">
End of Screen Capture on Failure<br>
]]></system-out>
  </testcase>
  <testcase name="VerifySupplierAddressPage" classname="com.trantor.suppliermanagementtest.AddASupplierAddressTest" time="0">
    <skipped/>
  </testcase>
  <testcase name="VerifyAddNewSupplierAddress" classname="com.trantor.suppliermanagementtest.AddASupplierAddressTest" time="0">
    <skipped/>
  </testcase>
  <testcase name="Initialize" classname="com.trantor.suppliermanagementtest.AddASupplierCertificatesTest" time="0"/>
  <testcase name="login" classname="com.trantor.suppliermanagementtest.AddASupplierCertificatesTest" time="17.161">
    <failure message="User is not able to login successfuly" type="java.lang.AssertionError">java.lang.AssertionError: User is not able to login successfuly
	at org.junit.Assert.fail(Assert.java:88)
	at org.junit.Assert.assertTrue(Assert.java:41)
	at org.trantor.ems.Login_Test.Validlogin(Login_Test.java:31)
	at com.trantor.suppliermanagementtest.AddASupplierCertificatesTest.login(AddASupplierCertificatesTest.java:47)
</failure>
    <system-out><![CDATA[Test login Test has been started
<br>
reached3
C:\Users\karan.ahuja\workspace\EMS\target
reached1
reached2
Test login Failure - Screen Capture Begin
<br>
outputFolder : D:\AutomationApp\public\html<br>
outFilename  : loginCHANY.png<br>
11:53:40.837 [main] INFO  frameworkLogger - <img src="loginCHANY.png">
End of Screen Capture on Failure<br>
]]></system-out>
  </testcase>
  <testcase name="VerifySupplierCertificatesPage" classname="com.trantor.suppliermanagementtest.AddASupplierCertificatesTest" time="0">
    <skipped/>
  </testcase>
  <testcase name="SaveCertificate" classname="com.trantor.suppliermanagementtest.AddASupplierCertificatesTest" time="0">
    <skipped/>
  </testcase>
  <testcase name="Initialize" classname="com.trantor.suppliermanagementtest.AddASupplierIndustryTest" time="0"/>
  <testcase name="Login" classname="com.trantor.suppliermanagementtest.AddASupplierIndustryTest" time="17.011">
    <failure message="User is not able to login successfuly" type="java.lang.AssertionError">java.lang.AssertionError: User is not able to login successfuly
	at org.junit.Assert.fail(Assert.java:88)
	at org.junit.Assert.assertTrue(Assert.java:41)
	at org.trantor.ems.Login_Test.Validlogin(Login_Test.java:31)
	at com.trantor.suppliermanagementtest.AddASupplierIndustryTest.Login(AddASupplierIndustryTest.java:48)
</failure>
    <system-out><![CDATA[Test Login Test has been started
<br>
reached3
C:\Users\karan.ahuja\workspace\EMS\target
reached1
reached2
Test Login Failure - Screen Capture Begin
<br>
outputFolder : D:\AutomationApp\public\html<br>
outFilename  : LoginCHANY.png<br>
11:54:06.176 [main] INFO  frameworkLogger - <img src="LoginCHANY.png">
End of Screen Capture on Failure<br>
]]></system-out>
  </testcase>
  <testcase name="VerifySupplierIndustryPage" classname="com.trantor.suppliermanagementtest.AddASupplierIndustryTest" time="0">
    <skipped/>
  </testcase>
  <testcase name="VerifyAddNewIndustry" classname="com.trantor.suppliermanagementtest.AddASupplierIndustryTest" time="0">
    <skipped/>
  </testcase>
  <testcase name="VerifyCancelbuttonDeleteIndustry" classname="com.trantor.suppliermanagementtest.AddASupplierIndustryTest" time="0">
    <skipped/>
  </testcase>
  <testcase name="VerifyDeleteIndustry" classname="com.trantor.suppliermanagementtest.AddASupplierIndustryTest" time="0">
    <skipped/>
  </testcase>
</testsuite>